================================================================================
GANDIWIN SYSTEM CHECK - AFTER OPTIMIZATION
Generated: 2026-04-09 02:28:37
================================================================================

[PERFORMANCE METRICS (AFTER OPTIMIZATION)]
Average CPU Load     : 0.1 %
Average RAM Usage    : 42 %
Running Processes    : 194 background processes

[MEMORY DETAILED (AFTER OPTIMIZATION)]
Virtual Memory Total: 17.04 GB
Virtual Memory Used: 10.68 GB
In Use (Compressed): 10885.32 MB
Available Committed: 9450.28 MB
Cached: 114.78 MB
Paged Pool: 487.38 MB
Non-Paged Pool: 292.27 MB

[STORAGE PERFORMANCE (AFTER OPTIMIZATION)]
Read Speed: N/A
Write Speed: N/A
Avg Response Time: N/A
Drive C:: 34.78 GB free of 159.61 GB (22%) Drive D:: 20.28 GB free of 78.12 GB (26%)
================================================================================
