=============================================================
GANDIWIN SYSTEM CHECK - PERFORMANCE LOG
Generated: 2026-04-09 12:36:43
=============================================================

[OVERVIEW]
Computer Name: GANDIWA-HQ
Manufacturer: LENOVO
Model: 20L6S01Q0N

[MOTHERBOARD]
Manufacturer: LENOVO
Model: 20L6S01Q0N
BIOS Date: 2025-09-06
BIOS Version: N24ET81W (1.56 )
Boot Type: Legacy
TPM: Not Detected

[OPERATING SYSTEM]
OS: Microsoft Windows Professional (64-bit) Build 22631 (23H2)
Boot Mode: Legacy
Secure Boot: OFF
HVCI: OFF

[PROCESSOR]
Model: Intel(R) Core(TM) i5-8350U CPU @ 1.70GHz
Vendor: Intel
Cores/Threads: 4/8
Base Clock: 1.7 GHz
Max Turbo: 1.9 GHz (Available)
Current Clock: 1.7 GHz (Real-time)
Boost Mode (AC): Aggressive
Boost Mode (DC): Disabled

[RAM]
Total: 15.84 GB
Used: 5.11 GB
Usage Rate: 32.26 %
Hardware Logs: No Errors Detected
Speed: 2400 MHz
Modules: 2

[GRAPHICS]
Model: Intel(R) UHD Graphics 620
Driver: 31.0.101.2135
Type: Integrated
Memory: 1024 MB

[DISPLAY]
Resolution: 1920 x 1080
Refresh Rate: 60 Hz
GPU Model: Intel(R) UHD Graphics 620

[STORAGE]
Media Type: SSD
Physical Health: Healthy
Drive C:: 35.21 GB free of 159.61 GB (22%) Drive D:: 20.28 GB free of 78.12 GB (26%)

[NETWORK]
Intel(R) Dual Band Wireless-AC 8265
DNS Servers: 208.67.222.222, 208.67.220.220

[BATTERY]
Charge: 100%
Status: On AC Power
Health / Wear Level: N/A

[THERMAL]
Current Temp: 41.1 C
CPU Profile: Low Power (Ultrabook/Office)
Safe Limit: Up to 85.0 C
Status: [ SANGAT AMAN ]

[POWER PLAN]
Active Plan: Balanced
Health Recommendation: Optimal for Hardware Longevity.

=============================================================
GANDIWIN SYSTEM CHECK REAL TIME PERFORMANCE
=============================================================

[PERFORMANCE METRICS]
Average CPU Load     : 1.2 %
Average RAM Usage    : 32.3 %
Running Processes    : 207 background processes
[MEMORY DETAILED]
Virtual Memory Total: 16.9 GB
Virtual Memory Used: 8.97 GB
In Use (Compressed): 9044.37 MB
Available Committed: 11075.65 MB
Cached: 87.58 MB
Paged Pool: 370.5 MB
Non-Paged Pool: 237.35 MB
Page File : C:\pagefile.sys (1088 MB)

[STORAGE PERFORMANCE]
Read Speed: 0 MB/s
Write Speed: 0 MB/s
Avg Response Time: 0 ms
=============================================================

[SERVICES Running Automatic LIST]
- AudioEndpointBuilder (Windows Audio Endpoint Builder)
- Audiosrv (Windows Audio)
- BFE (Base Filtering Engine)
- BrokerInfrastructure (Background Tasks Infrastructure Service)
- CDPUserSvc_5aac2 (Connected Devices Platform User Service_5aac2)
- ClickToRunSvc (Microsoft Office Click-to-Run Service)
- CoreMessagingRegistrar (CoreMessaging)
- cplspcon (Intel(R) Content Protection HDCP Service)
- CryptSvc (Cryptographic Services)
- DcomLaunch (DCOM Server Process Launcher)
- DeviceAssociationService (Device Association Service)
- Dhcp (DHCP Client)
- DispBrokerDesktopSvc (Display Policy Service)
- Dnscache (DNS Client)
- esifsvc (Intel(R) Dynamic Platform and Thermal Framework service)
- EventLog (Windows Event Log)
- EventSystem (COM+ Event System)
- FontCache (Windows Font Cache Service)
- IBMPMSVC (Lenovo PM Service)
- LanmanServer (Server)
- LanmanWorkstation (Workstation)
- LicenseManager (Windows License Manager Service)
- LSM (Local Session Manager)
- mpssvc (Windows Defender Firewall)
- nsi (Network Store Interface Service)
- PlugPlay (Plug and Play)
- Power (Power)
- ProfSvc (User Profile Service)
- RpcEptMapper (RPC Endpoint Mapper)
- RpcSs (Remote Procedure Call (RPC))
- SamSs (Security Accounts Manager)
- Schedule (Task Scheduler)
- SENS (System Event Notification Service)
- ShellHWDetection (Shell Hardware Detection)
- Spooler (Print Spooler)
- StateRepository (State Repository Service)
- StiSvc (Windows Image Acquisition (WIA))
- SynTPEnhService (SynTPEnh Caller Service)
- SysMain (SysMain)
- SystemEventsBroker (System Events Broker)
- TextInputManagementService (Text Input Management Service)
- Themes (Themes)
- UserManager (User Manager)
- UsoSvc (Update Orchestrator Service)
- VeyonService (Veyon Service)
- W32Time (Windows Time)
- Wcmsvc (Windows Connection Manager)
- Winmgmt (Windows Management Instrumentation)
- WlanSvc (WLAN AutoConfig)
- WpnUserService_5aac2 (Windows Push Notifications User Service_5aac2)
- wscsvc (Security Center)

