**********************
Windows PowerShell transcript start
Start time: 20260323012241
Username: GANDIWA-HQ\Administrator
RunAs User: GANDIWA-HQ\Administrator
Configuration Name: 
Machine: GANDIWA-HQ (Microsoft Windows NT 10.0.22631.0)
Host Application: C:\Windows\System32\WindowsPowerShell\v1.0\powershell.exe -file  D:\04_DEVELOPMENT\GandiWin\features\3_bloatware_removal\Win11Debloat.ps1 
Process ID: 5516
PSVersion: 5.1.22621.2506
PSEdition: Desktop
PSCompatibleVersions: 1.0, 2.0, 3.0, 4.0, 5.0, 5.1.22621.2506
BuildVersion: 10.0.22621.2506
CLRVersion: 4.0.30319.42000
WSManStackVersion: 3.0
PSRemotingProtocolVersion: 2.3
SerializationVersion: 1.1.0.1
**********************
Error: Unable to check for S0 Modern Standby support, powercfg command failed

Press any key to continue...
**********************
Windows PowerShell transcript end
End time: 20260323012324
**********************
