============================================================ 
[Sun 03/22/2026 20:53:33.58] Universal Menu Started 
============================================================ 
[Sun 03/22/2026 20:56:23.56] Universal Menu Started 
[2026-03-23 00:33:24] [INFO] [2_AV_CONFLICT] Launched AV Conflict Scan
[2026-03-23 00:33:24] [WARN] [2_AV_CONFLICT] DETECTED VULNERABILITY: No AV defined on the system.
[2026-03-23 00:33:54] [INFO] [2_AV_CONFLICT] User rescanned AV system.
[2026-03-23 00:33:54] [INFO] [2_AV_CONFLICT] Launched AV Conflict Scan
[2026-03-23 00:33:54] [WARN] [2_AV_CONFLICT] DETECTED VULNERABILITY: No AV defined on the system.
[2026-03-23 00:33:56] [INFO] [2_AV_CONFLICT] User requested full MpComputerStatus dump.
[2026-03-23 00:34:00] [INFO] [2_AV_CONFLICT] Launched AV Conflict Scan
[2026-03-23 00:34:00] [WARN] [2_AV_CONFLICT] DETECTED VULNERABILITY: No AV defined on the system.
[2026-03-23 00:34:01] [INFO] [2_AV_CONFLICT] User launched Windows Security Dashboard.
[2026-03-23 00:34:02] [INFO] [2_AV_CONFLICT] Launched AV Conflict Scan
[2026-03-23 00:34:02] [WARN] [2_AV_CONFLICT] DETECTED VULNERABILITY: No AV defined on the system.
[2026-03-23 00:34:19] [INFO] [2_AV_CONFLICT] User exited AV Conflict module.
[2026-03-23 00:34:26] [INFO] [2_AV_CONFLICT] Launched AV Conflict Scan
[2026-03-23 00:34:26] [WARN] [2_AV_CONFLICT] DETECTED VULNERABILITY: No AV defined on the system.
[2026-03-23 00:38:36] [INFO] [2_AV_CONFLICT] Launched AV Conflict Scan
[2026-03-23 00:38:36] [WARN] [2_AV_CONFLICT] DETECTED VULNERABILITY: No AV defined on the system.
[2026-03-23 00:39:05] [INFO] [2_AV_CONFLICT] Launched AV Conflict Scan
[2026-03-23 00:39:05] [WARN] [2_AV_CONFLICT] DETECTED VULNERABILITY: No AV defined on the system.
[2026-03-23 00:39:36] [INFO] [2_AV_CONFLICT] Launched AV Conflict Scan
[2026-03-23 00:39:37] [WARN] [2_AV_CONFLICT] DETECTED VULNERABILITY: No AV defined on the system.
[2026-03-23 00:39:40] [INFO] [2_AV_CONFLICT] Launched AV Conflict Scan
[2026-03-23 00:39:40] [WARN] [2_AV_CONFLICT] DETECTED VULNERABILITY: No AV defined on the system.
[2026-03-23 00:39:41] [INFO] [2_AV_CONFLICT] User requested full MpComputerStatus dump.
[2026-03-23 00:39:47] [INFO] [2_AV_CONFLICT] Launched AV Conflict Scan
[2026-03-23 00:39:47] [WARN] [2_AV_CONFLICT] DETECTED VULNERABILITY: No AV defined on the system.
[2026-03-23 00:39:51] [INFO] [2_AV_CONFLICT] Launched AV Conflict Scan
[2026-03-23 00:39:51] [WARN] [2_AV_CONFLICT] DETECTED VULNERABILITY: No AV defined on the system.
[2026-03-23 00:42:04] [INFO] [2_AV_CONFLICT] Launched AV Conflict Scan
[2026-03-23 00:42:05] [WARN] [2_AV_CONFLICT] DETECTED VULNERABILITY: No AV defined on the system.
[2026-03-23 00:42:07] [WARN] [2_AV_CONFLICT] User selected: Remove Defender ANTIVIRUS only.
[2026-03-23 00:42:14] [WARN] [2_AV_CONFLICT] EXECUTING: Defender Antivirus removal (arg A)
[2026-03-23 00:42:20] [INFO] [2_AV_CONFLICT] Launched AV Conflict Scan
[2026-03-23 00:42:20] [WARN] [2_AV_CONFLICT] DETECTED VULNERABILITY: No AV defined on the system.
[2026-03-23 00:42:22] [WARN] [2_AV_CONFLICT] User selected: Remove leftover Defender files.
[2026-03-23 00:42:25] [WARN] [2_AV_CONFLICT] EXECUTING: Defender file removal (arg S)
[2026-03-23 00:45:14] [INFO] [2_AV_CONFLICT] Launched AV Conflict Scan
[2026-03-23 00:45:14] [WARN] [2_AV_CONFLICT] No AV registered on system.
[2026-03-23 00:45:26] [WARN] [2_AV_CONFLICT] EXECUTING: Remove Defender Antivirus Only (arg=A)
[2026-03-23 00:45:26] [OK] [2_AV_CONFLICT] COMPLETED: Remove Defender Antivirus Only
[2026-03-23 00:45:26] [INFO] [2_AV_CONFLICT] Launched AV Conflict Scan
[2026-03-23 00:45:26] [WARN] [2_AV_CONFLICT] No AV registered on system.
[2026-03-23 01:26:14] [INFO] [3_BLOATWARE] Session started
[2026-03-23 01:31:00] [INFO] [3_BLOATWARE] Module opened
[2026-03-23 01:31:05] [INFO] [3_BLOATWARE] Loaded bloatware list: 3 items
[2026-03-23 01:31:14] [INFO] [3_BLOATWARE] Module opened
[2026-03-23 01:31:17] [INFO] [3_BLOATWARE] Loaded installed apps: 119 items
2026-03-23 16:08:20 TWEAK INITIATED: #3 - Bloatware Removal
2026-03-23 16:11:03 TWEAK INITIATED: #2 - Antivirus Conflict
[2026-03-23 16:11:03] [INFO] [2_AV_CONFLICT] Launched AV Conflict Scan
[2026-03-23 16:11:04] [WARN] [2_AV_CONFLICT] No AV registered on system.
2026-03-23 16:11:20 TWEAK INITIATED: #1 - Thermal Check
[2026-03-23 16:16:48] [INFO] [4_STARTUP_CTRL] Startup Control module launched
[2026-03-23 16:17:02] [OK] [4_STARTUP_CTRL] DISABLED: electron.app.Notion at HKCU:\SOFTWARE\Microsoft\Windows\CurrentVersion\Run
[2026-03-23 16:17:02] [OK] [4_STARTUP_CTRL] DISABLED: EPSDNMON at HKCU:\SOFTWARE\Microsoft\Windows\CurrentVersion\Run
[2026-03-23 16:17:02] [OK] [4_STARTUP_CTRL] DISABLED: Mem Reduct at HKCU:\SOFTWARE\Microsoft\Windows\CurrentVersion\Run
[2026-03-23 16:17:02] [OK] [4_STARTUP_CTRL] MAX PERFORMANCE: Disabled 3 startup items
[2026-03-23 16:17:05] [INFO] [4_STARTUP_CTRL] Startup Control module launched
[2026-03-23 16:23:49] [INFO] [7_TELEMETRY] Telemetry Disabler module launched
